TN:
SF:src\modules\appointments\services\CreateAppointmentService.ts
FN:16,(anonymous_18)
FN:19,CreateAppointmentService
FN:27,(anonymous_20)
FNF:3
FNH:3
FNDA:1,(anonymous_18)
FNDA:2,CreateAppointmentService
FNDA:3,(anonymous_20)
DA:1,1
DA:2,1
DA:3,1
DA:16,1
DA:23,2
DA:27,3
DA:29,3
DA:32,3
DA:37,3
DA:38,1
DA:42,2
DA:48,2
DA:50,1
DA:52,1
LF:14
LH:14
BRDA:37,0,0,1
BRDA:37,0,1,2
BRF:2
BRH:2
end_of_record
TN:
SF:src\modules\users\services\CreateAuthUserService.ts
FN:20,(anonymous_18)
FN:25,CreateAuthUserService
FN:35,(anonymous_20)
FNF:3
FNH:3
FNDA:1,(anonymous_18)
FNDA:3,CreateAuthUserService
FNDA:3,(anonymous_20)
DA:1,1
DA:2,1
DA:3,1
DA:7,1
DA:20,1
DA:31,3
DA:32,3
DA:35,3
DA:37,3
DA:39,3
DA:40,1
DA:43,2
DA:48,2
DA:49,1
DA:52,1
DA:54,1
DA:59,1
DA:61,1
DA:63,1
LF:19
LH:19
BRDA:37,0,0,3
BRDA:39,1,0,1
BRDA:39,1,1,2
BRDA:48,2,0,1
BRDA:48,2,1,1
BRF:5
BRH:5
end_of_record
TN:
SF:src\modules\users\services\CreateUserService.ts
FN:15,(anonymous_18)
FN:20,CreateUserService
FN:30,(anonymous_20)
FNF:3
FNH:3
FNDA:2,(anonymous_18)
FNDA:4,CreateUserService
FNDA:5,(anonymous_20)
DA:1,2
DA:2,2
DA:15,2
DA:26,4
DA:27,4
DA:30,5
DA:32,5
DA:34,5
DA:35,1
DA:39,4
DA:42,4
DA:48,4
DA:50,2
DA:52,2
LF:14
LH:14
BRDA:32,0,0,5
BRDA:34,1,0,1
BRDA:34,1,1,4
BRF:3
BRH:3
end_of_record
TN:
SF:src\modules\users\services\UpdateAvatarUserService.ts
FN:13,(anonymous_18)
FN:18,UpdateAvatarUserService
FN:28,(anonymous_20)
FNF:3
FNH:3
FNDA:1,(anonymous_18)
FNDA:3,UpdateAvatarUserService
FNDA:4,(anonymous_20)
DA:1,1
DA:2,1
DA:13,1
DA:24,3
DA:25,3
DA:28,4
DA:30,4
DA:32,4
DA:33,1
DA:36,5
DA:38,2
DA:41,3
DA:44,3
DA:46,6
DA:49,3
DA:51,3
DA:53,1
DA:55,1
LF:18
LH:18
BRDA:30,0,0,4
BRDA:30,0,1,3
BRDA:32,1,0,1
BRDA:32,1,1,3
BRDA:36,2,0,2
BRDA:36,2,1,1
BRF:6
BRH:6
end_of_record
